<?xml version="1.0" encoding="utf-8"?><testsuite errors="0" failures="0" name="pytest" skips="0" tests="1" time="0.017"><testcase classname="transaction.tests.test_transaction" file="transaction/tests/test_transaction.py" line="2" name="test_transaction" time="0.0016705989837646484"></testcase></testsuite>